::1 - - [04/Jun/2017:22:59:12 +0200] "GET / HTTP/1.1" 403 294 "-" "Mozilla/5.0 (Macintosh; Intel Mac OS X 10_11_6) AppleWebKit/537.36 (KHTML, like Gecko) Chrome/57.0.2987.110 Safari/537.36"
::1 - - [04/Jun/2017:22:59:12 +0200] "GET /favicon.ico HTTP/1.1" 403 305 "http://localhost:8081/" "Mozilla/5.0 (Macintosh; Intel Mac OS X 10_11_6) AppleWebKit/537.36 (KHTML, like Gecko) Chrome/57.0.2987.110 Safari/537.36"
::1 - - [04/Jun/2017:22:59:13 +0200] "GET / HTTP/1.1" 403 294 "-" "Mozilla/5.0 (Macintosh; Intel Mac OS X 10_11_6) AppleWebKit/537.36 (KHTML, like Gecko) Chrome/57.0.2987.110 Safari/537.36"
::1 - - [04/Jun/2017:22:59:13 +0200] "GET /favicon.ico HTTP/1.1" 403 305 "http://localhost:8081/" "Mozilla/5.0 (Macintosh; Intel Mac OS X 10_11_6) AppleWebKit/537.36 (KHTML, like Gecko) Chrome/57.0.2987.110 Safari/537.36"
::1 - - [04/Jun/2017:22:59:13 +0200] "GET / HTTP/1.1" 403 294 "-" "Mozilla/5.0 (Macintosh; Intel Mac OS X 10_11_6) AppleWebKit/537.36 (KHTML, like Gecko) Chrome/57.0.2987.110 Safari/537.36"
::1 - - [04/Jun/2017:22:59:13 +0200] "GET /favicon.ico HTTP/1.1" 403 305 "http://localhost:8081/" "Mozilla/5.0 (Macintosh; Intel Mac OS X 10_11_6) AppleWebKit/537.36 (KHTML, like Gecko) Chrome/57.0.2987.110 Safari/537.36"
::1 - - [04/Jun/2017:22:59:13 +0200] "GET / HTTP/1.1" 403 294 "-" "Mozilla/5.0 (Macintosh; Intel Mac OS X 10_11_6) AppleWebKit/537.36 (KHTML, like Gecko) Chrome/57.0.2987.110 Safari/537.36"
::1 - - [04/Jun/2017:22:59:14 +0200] "GET /favicon.ico HTTP/1.1" 403 305 "http://localhost:8081/" "Mozilla/5.0 (Macintosh; Intel Mac OS X 10_11_6) AppleWebKit/537.36 (KHTML, like Gecko) Chrome/57.0.2987.110 Safari/537.36"
::1 - - [04/Jun/2017:23:02:12 +0200] "GET / HTTP/1.1" 200 1723 "-" "Mozilla/5.0 (Macintosh; Intel Mac OS X 10_11_6) AppleWebKit/537.36 (KHTML, like Gecko) Chrome/57.0.2987.110 Safari/537.36"
::1 - - [04/Jun/2017:23:02:12 +0200] "GET /css/bootstrap.min.css HTTP/1.1" 200 121200 "http://localhost:8081/" "Mozilla/5.0 (Macintosh; Intel Mac OS X 10_11_6) AppleWebKit/537.36 (KHTML, like Gecko) Chrome/57.0.2987.110 Safari/537.36"
::1 - - [04/Jun/2017:23:02:12 +0200] "GET /css/main.css HTTP/1.1" 200 59 "http://localhost:8081/" "Mozilla/5.0 (Macintosh; Intel Mac OS X 10_11_6) AppleWebKit/537.36 (KHTML, like Gecko) Chrome/57.0.2987.110 Safari/537.36"
::1 - - [04/Jun/2017:23:02:12 +0200] "GET /css/bootstrap-theme.min.css HTTP/1.1" 200 23409 "http://localhost:8081/" "Mozilla/5.0 (Macintosh; Intel Mac OS X 10_11_6) AppleWebKit/537.36 (KHTML, like Gecko) Chrome/57.0.2987.110 Safari/537.36"
::1 - - [04/Jun/2017:23:02:12 +0200] "GET /js/bootstrap.min.js HTTP/1.1" 200 37045 "http://localhost:8081/" "Mozilla/5.0 (Macintosh; Intel Mac OS X 10_11_6) AppleWebKit/537.36 (KHTML, like Gecko) Chrome/57.0.2987.110 Safari/537.36"
::1 - - [04/Jun/2017:23:02:12 +0200] "GET /media/BrandLogo1.png HTTP/1.1" 200 24156 "http://localhost:8081/" "Mozilla/5.0 (Macintosh; Intel Mac OS X 10_11_6) AppleWebKit/537.36 (KHTML, like Gecko) Chrome/57.0.2987.110 Safari/537.36"
::1 - - [04/Jun/2017:23:02:13 +0200] "GET /favicon.ico HTTP/1.1" 404 294 "http://localhost:8081/" "Mozilla/5.0 (Macintosh; Intel Mac OS X 10_11_6) AppleWebKit/537.36 (KHTML, like Gecko) Chrome/57.0.2987.110 Safari/537.36"
::1 - - [04/Jun/2017:23:02:20 +0200] "OPTIONS * HTTP/1.0" 200 - "-" "Apache/2.4.25 (Unix) PHP/7.1.5 (internal dummy connection)"
::1 - - [04/Jun/2017:23:02:21 +0200] "OPTIONS * HTTP/1.0" 200 - "-" "Apache/2.4.25 (Unix) PHP/7.1.5 (internal dummy connection)"
::1 - - [04/Jun/2017:23:03:38 +0200] "GET / HTTP/1.1" 304 - "-" "Mozilla/5.0 (Macintosh; Intel Mac OS X 10_11_6) AppleWebKit/537.36 (KHTML, like Gecko) Chrome/57.0.2987.110 Safari/537.36"
::1 - - [04/Jun/2017:23:16:48 +0200] "GET / HTTP/1.1" 304 - "-" "Mozilla/5.0 (Macintosh; Intel Mac OS X 10_11_6) AppleWebKit/537.36 (KHTML, like Gecko) Chrome/57.0.2987.110 Safari/537.36"
::1 - - [05/Jun/2017:00:14:05 +0200] "GET / HTTP/1.1" 200 1723 "-" "Mozilla/5.0 (Macintosh; Intel Mac OS X 10_11_6) AppleWebKit/537.36 (KHTML, like Gecko) Chrome/57.0.2979.0 Safari/537.36"
::1 - - [05/Jun/2017:00:14:05 +0200] "GET /css/bootstrap.min.css HTTP/1.1" 200 121200 "http://localhost:8081/" "Mozilla/5.0 (Macintosh; Intel Mac OS X 10_11_6) AppleWebKit/537.36 (KHTML, like Gecko) Chrome/57.0.2979.0 Safari/537.36"
::1 - - [05/Jun/2017:00:14:05 +0200] "GET /css/main.css HTTP/1.1" 200 59 "http://localhost:8081/" "Mozilla/5.0 (Macintosh; Intel Mac OS X 10_11_6) AppleWebKit/537.36 (KHTML, like Gecko) Chrome/57.0.2979.0 Safari/537.36"
::1 - - [05/Jun/2017:00:14:05 +0200] "GET /css/bootstrap-theme.min.css HTTP/1.1" 200 23409 "http://localhost:8081/" "Mozilla/5.0 (Macintosh; Intel Mac OS X 10_11_6) AppleWebKit/537.36 (KHTML, like Gecko) Chrome/57.0.2979.0 Safari/537.36"
::1 - - [05/Jun/2017:00:14:05 +0200] "GET /js/bootstrap.min.js HTTP/1.1" 200 37045 "http://localhost:8081/" "Mozilla/5.0 (Macintosh; Intel Mac OS X 10_11_6) AppleWebKit/537.36 (KHTML, like Gecko) Chrome/57.0.2979.0 Safari/537.36"
::1 - - [05/Jun/2017:00:14:05 +0200] "GET /media/BrandLogo1.png HTTP/1.1" 200 24156 "http://localhost:8081/" "Mozilla/5.0 (Macintosh; Intel Mac OS X 10_11_6) AppleWebKit/537.36 (KHTML, like Gecko) Chrome/57.0.2979.0 Safari/537.36"
::1 - - [05/Jun/2017:00:14:05 +0200] "GET /favicon.ico HTTP/1.1" 404 294 "http://localhost:8081/" "Mozilla/5.0 (Macintosh; Intel Mac OS X 10_11_6) AppleWebKit/537.36 (KHTML, like Gecko) Chrome/57.0.2979.0 Safari/537.36"
::1 - - [05/Jun/2017:00:14:10 +0200] "GET /backend HTTP/1.1" 301 323 "-" "Mozilla/5.0 (Macintosh; Intel Mac OS X 10_11_6) AppleWebKit/537.36 (KHTML, like Gecko) Chrome/57.0.2979.0 Safari/537.36"
::1 - - [05/Jun/2017:00:14:10 +0200] "GET /backend/ HTTP/1.1" 200 346 "-" "Mozilla/5.0 (Macintosh; Intel Mac OS X 10_11_6) AppleWebKit/537.36 (KHTML, like Gecko) Chrome/57.0.2979.0 Safari/537.36"
::1 - - [05/Jun/2017:00:14:12 +0200] "GET /backend/phpinfo.php HTTP/1.1" 200 103403 "http://localhost:8081/backend/" "Mozilla/5.0 (Macintosh; Intel Mac OS X 10_11_6) AppleWebKit/537.36 (KHTML, like Gecko) Chrome/57.0.2979.0 Safari/537.36"
::1 - - [05/Jun/2017:00:51:45 +0200] "GET /backend/public/phpinfo.php HTTP/1.1" 404 309 "-" "Mozilla/5.0 (Macintosh; Intel Mac OS X 10_11_6) AppleWebKit/537.36 (KHTML, like Gecko) Chrome/57.0.2979.0 Safari/537.36"
::1 - - [05/Jun/2017:00:51:49 +0200] "GET /backend/public/ HTTP/1.1" 200 40 "-" "Mozilla/5.0 (Macintosh; Intel Mac OS X 10_11_6) AppleWebKit/537.36 (KHTML, like Gecko) Chrome/57.0.2979.0 Safari/537.36"
::1 - - [05/Jun/2017:00:57:40 +0200] "GET /backend/routes/web HTTP/1.1" 404 301 "-" "Mozilla/5.0 (Macintosh; Intel Mac OS X 10_11_6) AppleWebKit/537.36 (KHTML, like Gecko) Chrome/57.0.2979.0 Safari/537.36"
::1 - - [05/Jun/2017:00:57:47 +0200] "GET /backend/routes/ HTTP/1.1" 200 360 "-" "Mozilla/5.0 (Macintosh; Intel Mac OS X 10_11_6) AppleWebKit/537.36 (KHTML, like Gecko) Chrome/57.0.2979.0 Safari/537.36"
::1 - - [05/Jun/2017:00:57:50 +0200] "GET /backend/routes/web.php HTTP/1.1" 200 2353 "http://localhost:8081/backend/routes/" "Mozilla/5.0 (Macintosh; Intel Mac OS X 10_11_6) AppleWebKit/537.36 (KHTML, like Gecko) Chrome/57.0.2979.0 Safari/537.36"
::1 - - [05/Jun/2017:01:10:58 +0200] "GET / HTTP/1.1" 200 1723 "-" "PostmanRuntime/6.1.6"
::1 - - [05/Jun/2017:01:11:03 +0200] "GET /backend HTTP/1.1" 301 323 "-" "PostmanRuntime/6.1.6"
::1 - - [05/Jun/2017:01:11:03 +0200] "GET /backend/ HTTP/1.1" 200 1034 "http://localhost:8081/backend" "PostmanRuntime/6.1.6"
::1 - - [05/Jun/2017:01:12:03 +0200] "GET /backend/routes/web.php HTTP/1.1" 200 2353 "-" "PostmanRuntime/6.1.6"
::1 - - [05/Jun/2017:01:12:29 +0200] "GET /backend/ HTTP/1.1" 200 1034 "-" "PostmanRuntime/6.1.6"
::1 - - [05/Jun/2017:01:13:30 +0200] "GET /backend/ HTTP/1.1" 200 1034 "-" "PostmanRuntime/6.1.6"
::1 - - [05/Jun/2017:01:13:30 +0200] "GET /backend/ HTTP/1.1" 200 1034 "-" "PostmanRuntime/6.1.6"
::1 - - [05/Jun/2017:01:13:39 +0200] "GET /backend/ HTTP/1.1" 200 1034 "-" "PostmanRuntime/6.1.6"
::1 - - [05/Jun/2017:01:14:17 +0200] "POST /backend/ HTTP/1.1" 404 291 "-" "PostmanRuntime/6.1.6"
::1 - - [05/Jun/2017:01:14:34 +0200] "POST /backend/routes/web.php HTTP/1.1" 200 2353 "-" "PostmanRuntime/6.1.6"
::1 - - [05/Jun/2017:01:14:41 +0200] "POST /backend/ HTTP/1.1" 404 291 "-" "PostmanRuntime/6.1.6"
::1 - - [05/Jun/2017:01:15:02 +0200] "GET /backend/routes/web.php HTTP/1.1" 200 2353 "http://localhost:8081/backend/routes/" "Mozilla/5.0 (Macintosh; Intel Mac OS X 10_11_6) AppleWebKit/537.36 (KHTML, like Gecko) Chrome/57.0.2979.0 Safari/537.36"
::1 - - [05/Jun/2017:01:15:03 +0200] "GET /backend/routes/web.php HTTP/1.1" 200 2353 "http://localhost:8081/backend/routes/" "Mozilla/5.0 (Macintosh; Intel Mac OS X 10_11_6) AppleWebKit/537.36 (KHTML, like Gecko) Chrome/57.0.2979.0 Safari/537.36"
::1 - - [05/Jun/2017:01:15:05 +0200] "GET /backend/ HTTP/1.1" 200 1034 "-" "Mozilla/5.0 (Macintosh; Intel Mac OS X 10_11_6) AppleWebKit/537.36 (KHTML, like Gecko) Chrome/57.0.2979.0 Safari/537.36"
::1 - - [05/Jun/2017:01:15:06 +0200] "GET /backend/ HTTP/1.1" 200 1034 "-" "Mozilla/5.0 (Macintosh; Intel Mac OS X 10_11_6) AppleWebKit/537.36 (KHTML, like Gecko) Chrome/57.0.2979.0 Safari/537.36"
::1 - - [05/Jun/2017:01:15:11 +0200] "GET /backend/public/ HTTP/1.1" 200 2293 "http://localhost:8081/backend/" "Mozilla/5.0 (Macintosh; Intel Mac OS X 10_11_6) AppleWebKit/537.36 (KHTML, like Gecko) Chrome/57.0.2979.0 Safari/537.36"
::1 - - [05/Jun/2017:01:15:20 +0200] "GET /backend/public/ HTTP/1.1" 200 2331 "http://localhost:8081/backend/" "Mozilla/5.0 (Macintosh; Intel Mac OS X 10_11_6) AppleWebKit/537.36 (KHTML, like Gecko) Chrome/57.0.2979.0 Safari/537.36"
::1 - - [05/Jun/2017:01:15:41 +0200] "GET /backend/public/ HTTP/1.1" 200 40 "http://localhost:8081/backend/" "Mozilla/5.0 (Macintosh; Intel Mac OS X 10_11_6) AppleWebKit/537.36 (KHTML, like Gecko) Chrome/57.0.2979.0 Safari/537.36"
::1 - - [05/Jun/2017:01:15:59 +0200] "GET /backend/public/ HTTP/1.1" 200 2 "http://localhost:8081/backend/" "Mozilla/5.0 (Macintosh; Intel Mac OS X 10_11_6) AppleWebKit/537.36 (KHTML, like Gecko) Chrome/57.0.2979.0 Safari/537.36"
::1 - - [05/Jun/2017:01:16:13 +0200] "GET /backend/public/foo HTTP/1.1" 404 301 "-" "Mozilla/5.0 (Macintosh; Intel Mac OS X 10_11_6) AppleWebKit/537.36 (KHTML, like Gecko) Chrome/57.0.2979.0 Safari/537.36"
::1 - - [05/Jun/2017:01:16:22 +0200] "GET /backend/public&foo HTTP/1.1" 404 305 "-" "Mozilla/5.0 (Macintosh; Intel Mac OS X 10_11_6) AppleWebKit/537.36 (KHTML, like Gecko) Chrome/57.0.2979.0 Safari/537.36"
::1 - - [05/Jun/2017:01:16:28 +0200] "GET /backend/public HTTP/1.1" 301 330 "-" "Mozilla/5.0 (Macintosh; Intel Mac OS X 10_11_6) AppleWebKit/537.36 (KHTML, like Gecko) Chrome/57.0.2979.0 Safari/537.36"
::1 - - [05/Jun/2017:01:16:28 +0200] "GET /backend/public/ HTTP/1.1" 200 40 "-" "Mozilla/5.0 (Macintosh; Intel Mac OS X 10_11_6) AppleWebKit/537.36 (KHTML, like Gecko) Chrome/57.0.2979.0 Safari/537.36"
::1 - - [05/Jun/2017:01:16:34 +0200] "GET /backend/public/index.php&foo HTTP/1.1" 404 315 "-" "Mozilla/5.0 (Macintosh; Intel Mac OS X 10_11_6) AppleWebKit/537.36 (KHTML, like Gecko) Chrome/57.0.2979.0 Safari/537.36"
::1 - - [05/Jun/2017:01:17:09 +0200] "GET /backend/public/index.php&foo HTTP/1.1" 404 315 "-" "Mozilla/5.0 (Macintosh; Intel Mac OS X 10_11_6) AppleWebKit/537.36 (KHTML, like Gecko) Chrome/57.0.2979.0 Safari/537.36"
::1 - - [05/Jun/2017:01:17:12 +0200] "GET /backend/public/index HTTP/1.1" 404 303 "-" "Mozilla/5.0 (Macintosh; Intel Mac OS X 10_11_6) AppleWebKit/537.36 (KHTML, like Gecko) Chrome/57.0.2979.0 Safari/537.36"
::1 - - [05/Jun/2017:01:17:16 +0200] "GET /backend/public/index.php HTTP/1.1" 404 25305 "-" "Mozilla/5.0 (Macintosh; Intel Mac OS X 10_11_6) AppleWebKit/537.36 (KHTML, like Gecko) Chrome/57.0.2979.0 Safari/537.36"
::1 - - [05/Jun/2017:01:17:19 +0200] "GET /backend/public/foo HTTP/1.1" 404 301 "-" "Mozilla/5.0 (Macintosh; Intel Mac OS X 10_11_6) AppleWebKit/537.36 (KHTML, like Gecko) Chrome/57.0.2979.0 Safari/537.36"
::1 - - [05/Jun/2017:01:17:22 +0200] "GET /backend/public/foo.php HTTP/1.1" 404 305 "-" "Mozilla/5.0 (Macintosh; Intel Mac OS X 10_11_6) AppleWebKit/537.36 (KHTML, like Gecko) Chrome/57.0.2979.0 Safari/537.36"
::1 - - [05/Jun/2017:01:17:28 +0200] "GET /backend/foo HTTP/1.1" 404 294 "-" "Mozilla/5.0 (Macintosh; Intel Mac OS X 10_11_6) AppleWebKit/537.36 (KHTML, like Gecko) Chrome/57.0.2979.0 Safari/537.36"
::1 - - [05/Jun/2017:01:17:31 +0200] "GET /backend/foo.php HTTP/1.1" 404 298 "-" "Mozilla/5.0 (Macintosh; Intel Mac OS X 10_11_6) AppleWebKit/537.36 (KHTML, like Gecko) Chrome/57.0.2979.0 Safari/537.36"
::1 - - [05/Jun/2017:01:17:36 +0200] "GET /backend/foo.php HTTP/1.1" 404 298 "-" "Mozilla/5.0 (Macintosh; Intel Mac OS X 10_11_6) AppleWebKit/537.36 (KHTML, like Gecko) Chrome/57.0.2979.0 Safari/537.36"
::1 - - [05/Jun/2017:01:50:33 +0200] "GET /backend/foo HTTP/1.1" 404 294 "-" "Mozilla/5.0 (Macintosh; Intel Mac OS X 10_11_6) AppleWebKit/537.36 (KHTML, like Gecko) Chrome/57.0.2979.0 Safari/537.36"
::1 - - [05/Jun/2017:01:50:52 +0200] "GET /backend/user HTTP/1.1" 404 295 "-" "Mozilla/5.0 (Macintosh; Intel Mac OS X 10_11_6) AppleWebKit/537.36 (KHTML, like Gecko) Chrome/57.0.2979.0 Safari/537.36"
::1 - - [05/Jun/2017:01:51:06 +0200] "GET /backend/user/123 HTTP/1.1" 404 299 "-" "Mozilla/5.0 (Macintosh; Intel Mac OS X 10_11_6) AppleWebKit/537.36 (KHTML, like Gecko) Chrome/57.0.2979.0 Safari/537.36"
::1 - - [05/Jun/2017:01:51:53 +0200] "GET /backend/user/123 HTTP/1.1" 404 299 "-" "Mozilla/5.0 (Macintosh; Intel Mac OS X 10_11_6) AppleWebKit/537.36 (KHTML, like Gecko) Chrome/57.0.2979.0 Safari/537.36"
::1 - - [05/Jun/2017:01:51:57 +0200] "GET /backend/user/123 HTTP/1.1" 404 299 "-" "Mozilla/5.0 (Macintosh; Intel Mac OS X 10_11_6) AppleWebKit/537.36 (KHTML, like Gecko) Chrome/57.0.2979.0 Safari/537.36"
::1 - - [05/Jun/2017:01:51:57 +0200] "GET /backend/user/123 HTTP/1.1" 404 299 "-" "Mozilla/5.0 (Macintosh; Intel Mac OS X 10_11_6) AppleWebKit/537.36 (KHTML, like Gecko) Chrome/57.0.2979.0 Safari/537.36"
::1 - - [05/Jun/2017:01:51:57 +0200] "GET /backend/user/123 HTTP/1.1" 404 299 "-" "Mozilla/5.0 (Macintosh; Intel Mac OS X 10_11_6) AppleWebKit/537.36 (KHTML, like Gecko) Chrome/57.0.2979.0 Safari/537.36"
::1 - - [05/Jun/2017:01:51:59 +0200] "GET /backend/user/123 HTTP/1.1" 404 299 "-" "Mozilla/5.0 (Macintosh; Intel Mac OS X 10_11_6) AppleWebKit/537.36 (KHTML, like Gecko) Chrome/57.0.2979.0 Safari/537.36"
::1 - - [05/Jun/2017:01:52:03 +0200] "GET /backend/user/ HTTP/1.1" 404 296 "-" "Mozilla/5.0 (Macintosh; Intel Mac OS X 10_11_6) AppleWebKit/537.36 (KHTML, like Gecko) Chrome/57.0.2979.0 Safari/537.36"
::1 - - [05/Jun/2017:01:52:11 +0200] "GET /backend/user/ HTTP/1.1" 404 296 "-" "Mozilla/5.0 (Macintosh; Intel Mac OS X 10_11_6) AppleWebKit/537.36 (KHTML, like Gecko) Chrome/57.0.2979.0 Safari/537.36"
::1 - - [05/Jun/2017:01:52:48 +0200] "GET /backend/profile/ HTTP/1.1" 404 299 "-" "Mozilla/5.0 (Macintosh; Intel Mac OS X 10_11_6) AppleWebKit/537.36 (KHTML, like Gecko) Chrome/57.0.2979.0 Safari/537.36"
::1 - - [05/Jun/2017:01:52:51 +0200] "GET /backend/profile HTTP/1.1" 404 298 "-" "Mozilla/5.0 (Macintosh; Intel Mac OS X 10_11_6) AppleWebKit/537.36 (KHTML, like Gecko) Chrome/57.0.2979.0 Safari/537.36"
::1 - - [05/Jun/2017:01:53:00 +0200] "GET /backend/user&123 HTTP/1.1" 404 303 "-" "Mozilla/5.0 (Macintosh; Intel Mac OS X 10_11_6) AppleWebKit/537.36 (KHTML, like Gecko) Chrome/57.0.2979.0 Safari/537.36"
::1 - - [05/Jun/2017:01:53:06 +0200] "GET /backend/user;123 HTTP/1.1" 404 299 "-" "Mozilla/5.0 (Macintosh; Intel Mac OS X 10_11_6) AppleWebKit/537.36 (KHTML, like Gecko) Chrome/57.0.2979.0 Safari/537.36"
::1 - - [05/Jun/2017:01:53:08 +0200] "GET /backend/user123 HTTP/1.1" 404 298 "-" "Mozilla/5.0 (Macintosh; Intel Mac OS X 10_11_6) AppleWebKit/537.36 (KHTML, like Gecko) Chrome/57.0.2979.0 Safari/537.36"
::1 - - [05/Jun/2017:01:53:11 +0200] "GET /backend/user HTTP/1.1" 404 295 "-" "Mozilla/5.0 (Macintosh; Intel Mac OS X 10_11_6) AppleWebKit/537.36 (KHTML, like Gecko) Chrome/57.0.2979.0 Safari/537.36"
::1 - - [05/Jun/2017:01:53:20 +0200] "GET /backend/foo HTTP/1.1" 404 294 "-" "Mozilla/5.0 (Macintosh; Intel Mac OS X 10_11_6) AppleWebKit/537.36 (KHTML, like Gecko) Chrome/57.0.2979.0 Safari/537.36"
::1 - - [05/Jun/2017:01:55:13 +0200] "GET /backend/phpinfo HTTP/1.1" 404 298 "-" "Mozilla/5.0 (Macintosh; Intel Mac OS X 10_11_6) AppleWebKit/537.36 (KHTML, like Gecko) Chrome/57.0.2979.0 Safari/537.36"
::1 - - [05/Jun/2017:01:55:29 +0200] "GET /backend/phpinfo.php HTTP/1.1" 200 103122 "-" "Mozilla/5.0 (Macintosh; Intel Mac OS X 10_11_6) AppleWebKit/537.36 (KHTML, like Gecko) Chrome/57.0.2979.0 Safari/537.36"
::1 - - [05/Jun/2017:02:06:57 +0200] "GET /backend/phpinfo.php HTTP/1.1" 200 103158 "-" "Mozilla/5.0 (Macintosh; Intel Mac OS X 10_11_6) AppleWebKit/537.36 (KHTML, like Gecko) Chrome/57.0.2979.0 Safari/537.36"
::1 - - [05/Jun/2017:02:06:59 +0200] "GET /backend/phpinfo.php HTTP/1.1" 200 103158 "-" "Mozilla/5.0 (Macintosh; Intel Mac OS X 10_11_6) AppleWebKit/537.36 (KHTML, like Gecko) Chrome/57.0.2979.0 Safari/537.36"
::1 - - [05/Jun/2017:02:07:01 +0200] "GET /backend/ HTTP/1.1" 200 1082 "-" "Mozilla/5.0 (Macintosh; Intel Mac OS X 10_11_6) AppleWebKit/537.36 (KHTML, like Gecko) Chrome/57.0.2979.0 Safari/537.36"
::1 - - [05/Jun/2017:02:07:04 +0200] "GET /backend/public/ HTTP/1.1" 200 40 "-" "Mozilla/5.0 (Macintosh; Intel Mac OS X 10_11_6) AppleWebKit/537.36 (KHTML, like Gecko) Chrome/57.0.2979.0 Safari/537.36"
::1 - - [05/Jun/2017:02:07:09 +0200] "GET /backend/public/foo HTTP/1.1" 404 301 "-" "Mozilla/5.0 (Macintosh; Intel Mac OS X 10_11_6) AppleWebKit/537.36 (KHTML, like Gecko) Chrome/57.0.2979.0 Safari/537.36"
::1 - - [05/Jun/2017:02:08:29 +0200] "GET /backend/public/foo HTTP/1.1" 404 301 "-" "Mozilla/5.0 (Macintosh; Intel Mac OS X 10_11_6) AppleWebKit/537.36 (KHTML, like Gecko) Chrome/57.0.2979.0 Safari/537.36"
::1 - - [05/Jun/2017:02:08:36 +0200] "GET /backend/ HTTP/1.1" 200 1082 "-" "Mozilla/5.0 (Macintosh; Intel Mac OS X 10_11_6) AppleWebKit/537.36 (KHTML, like Gecko) Chrome/57.0.2979.0 Safari/537.36"
::1 - - [05/Jun/2017:02:08:39 +0200] "GET /backend/phpinfo.php HTTP/1.1" 200 103203 "http://localhost:8081/backend/" "Mozilla/5.0 (Macintosh; Intel Mac OS X 10_11_6) AppleWebKit/537.36 (KHTML, like Gecko) Chrome/57.0.2979.0 Safari/537.36"
::1 - - [05/Jun/2017:02:08:43 +0200] "GET /backend/phpinfo HTTP/1.1" 404 298 "-" "Mozilla/5.0 (Macintosh; Intel Mac OS X 10_11_6) AppleWebKit/537.36 (KHTML, like Gecko) Chrome/57.0.2979.0 Safari/537.36"
::1 - - [05/Jun/2017:02:08:52 +0200] "GET /backend/public/foo.php HTTP/1.1" 404 305 "-" "Mozilla/5.0 (Macintosh; Intel Mac OS X 10_11_6) AppleWebKit/537.36 (KHTML, like Gecko) Chrome/57.0.2979.0 Safari/537.36"
::1 - - [05/Jun/2017:02:17:51 +0200] "GET /backend/public/ HTTP/1.1" 200 40 "-" "Mozilla/5.0 (Macintosh; Intel Mac OS X 10_11_6) AppleWebKit/537.36 (KHTML, like Gecko) Chrome/57.0.2979.0 Safari/537.36"
::1 - - [05/Jun/2017:02:17:57 +0200] "GET /backend/public/index.php HTTP/1.1" 200 40 "-" "Mozilla/5.0 (Macintosh; Intel Mac OS X 10_11_6) AppleWebKit/537.36 (KHTML, like Gecko) Chrome/57.0.2979.0 Safari/537.36"
::1 - - [05/Jun/2017:02:18:00 +0200] "GET /backend/public/index.php/foo HTTP/1.1" 200 11 "-" "Mozilla/5.0 (Macintosh; Intel Mac OS X 10_11_6) AppleWebKit/537.36 (KHTML, like Gecko) Chrome/57.0.2979.0 Safari/537.36"
::1 - - [05/Jun/2017:02:18:06 +0200] "GET /backend/public/index/foo HTTP/1.1" 404 307 "-" "Mozilla/5.0 (Macintosh; Intel Mac OS X 10_11_6) AppleWebKit/537.36 (KHTML, like Gecko) Chrome/57.0.2979.0 Safari/537.36"
::1 - - [05/Jun/2017:02:20:05 +0200] "GET /backend/public/index.php/foo HTTP/1.1" 200 11 "-" "Mozilla/5.0 (Macintosh; Intel Mac OS X 10_11_6) AppleWebKit/537.36 (KHTML, like Gecko) Chrome/57.0.2979.0 Safari/537.36"
::1 - - [05/Jun/2017:02:20:08 +0200] "GET /backend/public/index.php HTTP/1.1" 200 40 "-" "Mozilla/5.0 (Macintosh; Intel Mac OS X 10_11_6) AppleWebKit/537.36 (KHTML, like Gecko) Chrome/57.0.2979.0 Safari/537.36"
::1 - - [05/Jun/2017:02:20:11 +0200] "GET /backend/public/index.php HTTP/1.1" 200 40 "-" "Mozilla/5.0 (Macintosh; Intel Mac OS X 10_11_6) AppleWebKit/537.36 (KHTML, like Gecko) Chrome/57.0.2979.0 Safari/537.36"
::1 - - [05/Jun/2017:02:20:14 +0200] "GET /backend/public/index HTTP/1.1" 404 25305 "-" "Mozilla/5.0 (Macintosh; Intel Mac OS X 10_11_6) AppleWebKit/537.36 (KHTML, like Gecko) Chrome/57.0.2979.0 Safari/537.36"
::1 - - [05/Jun/2017:02:20:16 +0200] "GET /backend/public/index HTTP/1.1" 404 25305 "-" "Mozilla/5.0 (Macintosh; Intel Mac OS X 10_11_6) AppleWebKit/537.36 (KHTML, like Gecko) Chrome/57.0.2979.0 Safari/537.36"
::1 - - [05/Jun/2017:02:20:18 +0200] "GET /backend/public/index.php HTTP/1.1" 200 40 "-" "Mozilla/5.0 (Macintosh; Intel Mac OS X 10_11_6) AppleWebKit/537.36 (KHTML, like Gecko) Chrome/57.0.2979.0 Safari/537.36"
::1 - - [05/Jun/2017:02:20:19 +0200] "GET /backend/public/index.php HTTP/1.1" 200 40 "-" "Mozilla/5.0 (Macintosh; Intel Mac OS X 10_11_6) AppleWebKit/537.36 (KHTML, like Gecko) Chrome/57.0.2979.0 Safari/537.36"
::1 - - [05/Jun/2017:02:20:19 +0200] "GET /backend/public/index.php HTTP/1.1" 200 40 "-" "Mozilla/5.0 (Macintosh; Intel Mac OS X 10_11_6) AppleWebKit/537.36 (KHTML, like Gecko) Chrome/57.0.2979.0 Safari/537.36"
::1 - - [05/Jun/2017:02:20:19 +0200] "GET /favicon.ico HTTP/1.1" 404 294 "http://localhost:8081/backend/public/index.php" "Mozilla/5.0 (Macintosh; Intel Mac OS X 10_11_6) AppleWebKit/537.36 (KHTML, like Gecko) Chrome/57.0.2979.0 Safari/537.36"
::1 - - [05/Jun/2017:02:20:28 +0200] "GET /backend/public/index/foo HTTP/1.1" 404 25305 "-" "Mozilla/5.0 (Macintosh; Intel Mac OS X 10_11_6) AppleWebKit/537.36 (KHTML, like Gecko) Chrome/57.0.2979.0 Safari/537.36"
::1 - - [05/Jun/2017:02:20:32 +0200] "GET /backend/public/ HTTP/1.1" 200 40 "-" "Mozilla/5.0 (Macintosh; Intel Mac OS X 10_11_6) AppleWebKit/537.36 (KHTML, like Gecko) Chrome/57.0.2979.0 Safari/537.36"
::1 - - [05/Jun/2017:02:20:37 +0200] "GET /backend/public/foo HTTP/1.1" 200 11 "-" "Mozilla/5.0 (Macintosh; Intel Mac OS X 10_11_6) AppleWebKit/537.36 (KHTML, like Gecko) Chrome/57.0.2979.0 Safari/537.36"
::1 - - [05/Jun/2017:02:20:43 +0200] "GET /backend/ HTTP/1.1" 200 1082 "-" "Mozilla/5.0 (Macintosh; Intel Mac OS X 10_11_6) AppleWebKit/537.36 (KHTML, like Gecko) Chrome/57.0.2979.0 Safari/537.36"
::1 - - [05/Jun/2017:02:25:18 +0200] "GET /backend/public/user HTTP/1.1" 404 25305 "-" "Mozilla/5.0 (Macintosh; Intel Mac OS X 10_11_6) AppleWebKit/537.36 (KHTML, like Gecko) Chrome/57.0.2979.0 Safari/537.36"
::1 - - [05/Jun/2017:02:25:22 +0200] "GET /backend/public/user/123 HTTP/1.1" 200 8 "-" "Mozilla/5.0 (Macintosh; Intel Mac OS X 10_11_6) AppleWebKit/537.36 (KHTML, like Gecko) Chrome/57.0.2979.0 Safari/537.36"
::1 - - [05/Jun/2017:02:25:39 +0200] "POST /backend/public HTTP/1.1" 301 330 "-" "PostmanRuntime/6.1.6"
::1 - - [05/Jun/2017:02:25:39 +0200] "GET /backend/public/ HTTP/1.1" 200 40 "http://localhost:8081/backend/public" "PostmanRuntime/6.1.6"
::1 - - [05/Jun/2017:02:25:39 +0200] "POST /backend/public HTTP/1.1" 301 330 "-" "PostmanRuntime/6.1.6"
::1 - - [05/Jun/2017:02:25:39 +0200] "GET /backend/public/ HTTP/1.1" 200 40 "http://localhost:8081/backend/public" "PostmanRuntime/6.1.6"
::1 - - [05/Jun/2017:02:25:44 +0200] "POST /backend/public/foo HTTP/1.1" 200 - "-" "PostmanRuntime/6.1.6"
::1 - - [05/Jun/2017:02:25:48 +0200] "POST /backend/public/foo HTTP/1.1" 200 - "-" "PostmanRuntime/6.1.6"
::1 - - [05/Jun/2017:02:25:57 +0200] "POST /backend/public/user/123 HTTP/1.1" 405 25329 "-" "PostmanRuntime/6.1.6"
::1 - - [05/Jun/2017:02:26:21 +0200] "POST /backend/public/user/123 HTTP/1.1" 405 25329 "-" "PostmanRuntime/6.1.6"
::1 - - [05/Jun/2017:02:26:21 +0200] "POST /backend/public/user/123 HTTP/1.1" 405 25329 "-" "PostmanRuntime/6.1.6"
::1 - - [05/Jun/2017:02:26:56 +0200] "GET /backend/public/user/123 HTTP/1.1" 200 8 "-" "PostmanRuntime/6.1.6"
::1 - - [05/Jun/2017:02:27:05 +0200] "GET /backend/public/foo HTTP/1.1" 200 11 "-" "PostmanRuntime/6.1.6"
::1 - - [05/Jun/2017:02:27:39 +0200] "POST /backend/public/foo HTTP/1.1" 200 - "-" "PostmanRuntime/6.1.6"
::1 - - [05/Jun/2017:02:28:05 +0200] "POST /backend/public/foo HTTP/1.1" 200 4 "-" "PostmanRuntime/6.1.6"
::1 - - [05/Jun/2017:02:31:22 +0200] "GET /backend/public/profile HTTP/1.1" 200 - "-" "PostmanRuntime/6.1.6"
::1 - - [05/Jun/2017:02:31:22 +0200] "GET /backend/public/profile HTTP/1.1" 200 - "-" "PostmanRuntime/6.1.6"
::1 - - [05/Jun/2017:02:34:06 +0200] "GET /backend/public/profile HTTP/1.1" 500 29007 "-" "PostmanRuntime/6.1.6"
::1 - - [05/Jun/2017:12:19:36 +0200] "GET /backend/public/user HTTP/1.1" 500 28109 "-" "PostmanRuntime/6.1.6"
::1 - - [05/Jun/2017:12:19:40 +0200] "GET /backend/public/user/hans HTTP/1.1" 500 28109 "-" "PostmanRuntime/6.1.6"
::1 - - [05/Jun/2017:12:19:45 +0200] "GET /backend/public/user/123 HTTP/1.1" 500 28109 "-" "Mozilla/5.0 (Macintosh; Intel Mac OS X 10_11_6) AppleWebKit/537.36 (KHTML, like Gecko) Chrome/57.0.2979.0 Safari/537.36"
::1 - - [05/Jun/2017:12:19:47 +0200] "GET /backend/public/user/123 HTTP/1.1" 500 28109 "-" "Mozilla/5.0 (Macintosh; Intel Mac OS X 10_11_6) AppleWebKit/537.36 (KHTML, like Gecko) Chrome/57.0.2979.0 Safari/537.36"
::1 - - [05/Jun/2017:12:20:22 +0200] "GET /backend/public/user/123 HTTP/1.1" 200 3 "-" "Mozilla/5.0 (Macintosh; Intel Mac OS X 10_11_6) AppleWebKit/537.36 (KHTML, like Gecko) Chrome/57.0.2979.0 Safari/537.36"
::1 - - [05/Jun/2017:12:20:26 +0200] "GET /backend/public/user/hans HTTP/1.1" 200 4 "-" "Mozilla/5.0 (Macintosh; Intel Mac OS X 10_11_6) AppleWebKit/537.36 (KHTML, like Gecko) Chrome/57.0.2979.0 Safari/537.36"
::1 - - [05/Jun/2017:12:21:02 +0200] "GET /backend/public/user/hans HTTP/1.1" 200 - "-" "Mozilla/5.0 (Macintosh; Intel Mac OS X 10_11_6) AppleWebKit/537.36 (KHTML, like Gecko) Chrome/57.0.2979.0 Safari/537.36"
::1 - - [05/Jun/2017:12:21:11 +0200] "GET /backend/public/user/name:hans HTTP/1.1" 404 25305 "-" "Mozilla/5.0 (Macintosh; Intel Mac OS X 10_11_6) AppleWebKit/537.36 (KHTML, like Gecko) Chrome/57.0.2979.0 Safari/537.36"
::1 - - [05/Jun/2017:12:21:24 +0200] "GET /backend/public/user/hans HTTP/1.1" 200 4 "-" "Mozilla/5.0 (Macintosh; Intel Mac OS X 10_11_6) AppleWebKit/537.36 (KHTML, like Gecko) Chrome/57.0.2979.0 Safari/537.36"
::1 - - [05/Jun/2017:12:21:27 +0200] "GET /backend/public/user/hans123 HTTP/1.1" 404 25305 "-" "Mozilla/5.0 (Macintosh; Intel Mac OS X 10_11_6) AppleWebKit/537.36 (KHTML, like Gecko) Chrome/57.0.2979.0 Safari/537.36"
::1 - - [05/Jun/2017:12:21:30 +0200] "GET /backend/public/user/123 HTTP/1.1" 404 25305 "-" "Mozilla/5.0 (Macintosh; Intel Mac OS X 10_11_6) AppleWebKit/537.36 (KHTML, like Gecko) Chrome/57.0.2979.0 Safari/537.36"
::1 - - [05/Jun/2017:12:21:44 +0200] "GET /backend/public/user/123 HTTP/1.1" 200 3 "-" "Mozilla/5.0 (Macintosh; Intel Mac OS X 10_11_6) AppleWebKit/537.36 (KHTML, like Gecko) Chrome/57.0.2979.0 Safari/537.36"
::1 - - [05/Jun/2017:12:26:37 +0200] "GET /backend/public/user/123 HTTP/1.1" 500 29980 "-" "Mozilla/5.0 (Macintosh; Intel Mac OS X 10_11_6) AppleWebKit/537.36 (KHTML, like Gecko) Chrome/57.0.2979.0 Safari/537.36"
::1 - - [05/Jun/2017:12:26:52 +0200] "GET /backend/public/user/123 HTTP/1.1" 500 29980 "-" "Mozilla/5.0 (Macintosh; Intel Mac OS X 10_11_6) AppleWebKit/537.36 (KHTML, like Gecko) Chrome/57.0.2979.0 Safari/537.36"
::1 - - [05/Jun/2017:12:26:54 +0200] "GET /backend/public/user/name HTTP/1.1" 500 29988 "-" "Mozilla/5.0 (Macintosh; Intel Mac OS X 10_11_6) AppleWebKit/537.36 (KHTML, like Gecko) Chrome/57.0.2979.0 Safari/537.36"
::1 - - [05/Jun/2017:12:27:34 +0200] "GET /backend/public/user/name HTTP/1.1" 200 4 "-" "Mozilla/5.0 (Macintosh; Intel Mac OS X 10_11_6) AppleWebKit/537.36 (KHTML, like Gecko) Chrome/57.0.2979.0 Safari/537.36"
::1 - - [05/Jun/2017:12:27:38 +0200] "GET /backend/public/user/123 HTTP/1.1" 500 29980 "-" "Mozilla/5.0 (Macintosh; Intel Mac OS X 10_11_6) AppleWebKit/537.36 (KHTML, like Gecko) Chrome/57.0.2979.0 Safari/537.36"
::1 - - [05/Jun/2017:12:28:45 +0200] "GET /backend/phpinfo HTTP/1.1" 404 298 "-" "Mozilla/5.0 (Macintosh; Intel Mac OS X 10_11_6) AppleWebKit/537.36 (KHTML, like Gecko) Chrome/57.0.2979.0 Safari/537.36"
::1 - - [05/Jun/2017:12:28:46 +0200] "GET /backend/phpinfo HTTP/1.1" 404 298 "-" "Mozilla/5.0 (Macintosh; Intel Mac OS X 10_11_6) AppleWebKit/537.36 (KHTML, like Gecko) Chrome/57.0.2979.0 Safari/537.36"
::1 - - [05/Jun/2017:12:28:48 +0200] "GET /backend/public/user/123 HTTP/1.1" 500 29980 "-" "Mozilla/5.0 (Macintosh; Intel Mac OS X 10_11_6) AppleWebKit/537.36 (KHTML, like Gecko) Chrome/57.0.2979.0 Safari/537.36"
::1 - - [05/Jun/2017:12:28:49 +0200] "GET /backend/public/user/123 HTTP/1.1" 500 29980 "-" "Mozilla/5.0 (Macintosh; Intel Mac OS X 10_11_6) AppleWebKit/537.36 (KHTML, like Gecko) Chrome/57.0.2979.0 Safari/537.36"
::1 - - [05/Jun/2017:12:28:52 +0200] "GET /backend/public/user/123 HTTP/1.1" 500 29980 "-" "Mozilla/5.0 (Macintosh; Intel Mac OS X 10_11_6) AppleWebKit/537.36 (KHTML, like Gecko) Chrome/57.0.2979.0 Safari/537.36"
::1 - - [05/Jun/2017:12:28:52 +0200] "GET /backend/public/user/123 HTTP/1.1" 500 29980 "-" "Mozilla/5.0 (Macintosh; Intel Mac OS X 10_11_6) AppleWebKit/537.36 (KHTML, like Gecko) Chrome/57.0.2979.0 Safari/537.36"
::1 - - [05/Jun/2017:12:28:53 +0200] "GET /backend/public/user/123 HTTP/1.1" 500 29980 "-" "Mozilla/5.0 (Macintosh; Intel Mac OS X 10_11_6) AppleWebKit/537.36 (KHTML, like Gecko) Chrome/57.0.2979.0 Safari/537.36"
::1 - - [05/Jun/2017:12:28:53 +0200] "GET /backend/public/user/123 HTTP/1.1" 500 29980 "-" "Mozilla/5.0 (Macintosh; Intel Mac OS X 10_11_6) AppleWebKit/537.36 (KHTML, like Gecko) Chrome/57.0.2979.0 Safari/537.36"
::1 - - [05/Jun/2017:12:28:55 +0200] "GET /backend/public/user/name HTTP/1.1" 500 29988 "-" "Mozilla/5.0 (Macintosh; Intel Mac OS X 10_11_6) AppleWebKit/537.36 (KHTML, like Gecko) Chrome/57.0.2979.0 Safari/537.36"
::1 - - [05/Jun/2017:12:28:58 +0200] "GET /backend/public/user/name HTTP/1.1" 500 29988 "-" "Mozilla/5.0 (Macintosh; Intel Mac OS X 10_11_6) AppleWebKit/537.36 (KHTML, like Gecko) Chrome/57.0.2979.0 Safari/537.36"
::1 - - [05/Jun/2017:12:29:06 +0200] "GET /backend/public/user/name HTTP/1.1" 500 29988 "-" "Mozilla/5.0 (Macintosh; Intel Mac OS X 10_11_6) AppleWebKit/537.36 (KHTML, like Gecko) Chrome/57.0.2979.0 Safari/537.36"
::1 - - [05/Jun/2017:12:29:07 +0200] "GET /backend/public/user/name HTTP/1.1" 500 29988 "-" "Mozilla/5.0 (Macintosh; Intel Mac OS X 10_11_6) AppleWebKit/537.36 (KHTML, like Gecko) Chrome/57.0.2979.0 Safari/537.36"
::1 - - [05/Jun/2017:12:29:16 +0200] "GET /backend/public/user/name HTTP/1.1" 500 29988 "-" "Mozilla/5.0 (Macintosh; Intel Mac OS X 10_11_6) AppleWebKit/537.36 (KHTML, like Gecko) Chrome/57.0.2979.0 Safari/537.36"
::1 - - [05/Jun/2017:12:29:21 +0200] "GET /backend/public/user/name HTTP/1.1" 500 29988 "-" "Mozilla/5.0 (Macintosh; Intel Mac OS X 10_11_6) AppleWebKit/537.36 (KHTML, like Gecko) Chrome/57.0.2979.0 Safari/537.36"
::1 - - [05/Jun/2017:12:29:22 +0200] "GET /backend/public/user/name HTTP/1.1" 500 29988 "-" "Mozilla/5.0 (Macintosh; Intel Mac OS X 10_11_6) AppleWebKit/537.36 (KHTML, like Gecko) Chrome/57.0.2979.0 Safari/537.36"
::1 - - [05/Jun/2017:12:30:14 +0200] "GET /backend/public/user/name HTTP/1.1" 500 29988 "-" "Mozilla/5.0 (Macintosh; Intel Mac OS X 10_11_6) AppleWebKit/537.36 (KHTML, like Gecko) Chrome/57.0.2979.0 Safari/537.36"
::1 - - [05/Jun/2017:12:30:14 +0200] "GET /backend/public/user/name HTTP/1.1" 500 29988 "-" "Mozilla/5.0 (Macintosh; Intel Mac OS X 10_11_6) AppleWebKit/537.36 (KHTML, like Gecko) Chrome/57.0.2979.0 Safari/537.36"
::1 - - [05/Jun/2017:12:30:15 +0200] "GET /backend/public/user/name HTTP/1.1" 500 29988 "-" "Mozilla/5.0 (Macintosh; Intel Mac OS X 10_11_6) AppleWebKit/537.36 (KHTML, like Gecko) Chrome/57.0.2979.0 Safari/537.36"
::1 - - [05/Jun/2017:12:30:15 +0200] "GET /backend/public/user/name HTTP/1.1" 500 29988 "-" "Mozilla/5.0 (Macintosh; Intel Mac OS X 10_11_6) AppleWebKit/537.36 (KHTML, like Gecko) Chrome/57.0.2979.0 Safari/537.36"
::1 - - [05/Jun/2017:12:30:15 +0200] "GET /backend/public/user/name HTTP/1.1" 500 29988 "-" "Mozilla/5.0 (Macintosh; Intel Mac OS X 10_11_6) AppleWebKit/537.36 (KHTML, like Gecko) Chrome/57.0.2979.0 Safari/537.36"
::1 - - [05/Jun/2017:12:30:15 +0200] "GET /backend/public/user/name HTTP/1.1" 500 29988 "-" "Mozilla/5.0 (Macintosh; Intel Mac OS X 10_11_6) AppleWebKit/537.36 (KHTML, like Gecko) Chrome/57.0.2979.0 Safari/537.36"
::1 - - [05/Jun/2017:12:30:18 +0200] "GET /backend/public/user/name HTTP/1.1" 500 29988 "-" "Mozilla/5.0 (Macintosh; Intel Mac OS X 10_11_6) AppleWebKit/537.36 (KHTML, like Gecko) Chrome/57.0.2979.0 Safari/537.36"
::1 - - [05/Jun/2017:12:30:25 +0200] "GET /backend/public/user/name HTTP/1.1" 500 29988 "-" "Mozilla/5.0 (Macintosh; Intel Mac OS X 10_11_6) AppleWebKit/537.36 (KHTML, like Gecko) Chrome/57.0.2979.0 Safari/537.36"
::1 - - [05/Jun/2017:12:30:37 +0200] "GET /backend/public/user/name HTTP/1.1" 200 7 "-" "Mozilla/5.0 (Macintosh; Intel Mac OS X 10_11_6) AppleWebKit/537.36 (KHTML, like Gecko) Chrome/57.0.2979.0 Safari/537.36"
::1 - - [05/Jun/2017:12:30:42 +0200] "GET /backend/public/user/name HTTP/1.1" 500 29988 "-" "Mozilla/5.0 (Macintosh; Intel Mac OS X 10_11_6) AppleWebKit/537.36 (KHTML, like Gecko) Chrome/57.0.2979.0 Safari/537.36"
::1 - - [05/Jun/2017:12:30:48 +0200] "GET /backend/public/user/name HTTP/1.1" 200 11 "-" "Mozilla/5.0 (Macintosh; Intel Mac OS X 10_11_6) AppleWebKit/537.36 (KHTML, like Gecko) Chrome/57.0.2979.0 Safari/537.36"
::1 - - [05/Jun/2017:12:31:20 +0200] "GET /backend/public/user/name HTTP/1.1" 500 29988 "-" "Mozilla/5.0 (Macintosh; Intel Mac OS X 10_11_6) AppleWebKit/537.36 (KHTML, like Gecko) Chrome/57.0.2979.0 Safari/537.36"
::1 - - [05/Jun/2017:12:31:37 +0200] "GET /backend/public/user/name HTTP/1.1" 500 29988 "-" "Mozilla/5.0 (Macintosh; Intel Mac OS X 10_11_6) AppleWebKit/537.36 (KHTML, like Gecko) Chrome/57.0.2979.0 Safari/537.36"
::1 - - [05/Jun/2017:12:31:51 +0200] "GET /backend/public/user/name HTTP/1.1" 200 52 "-" "Mozilla/5.0 (Macintosh; Intel Mac OS X 10_11_6) AppleWebKit/537.36 (KHTML, like Gecko) Chrome/57.0.2979.0 Safari/537.36"
::1 - - [05/Jun/2017:12:31:59 +0200] "GET /backend/public/user/name HTTP/1.1" 200 51 "-" "Mozilla/5.0 (Macintosh; Intel Mac OS X 10_11_6) AppleWebKit/537.36 (KHTML, like Gecko) Chrome/57.0.2979.0 Safari/537.36"
::1 - - [05/Jun/2017:12:32:05 +0200] "GET /backend/public/user/name HTTP/1.1" 200 51 "-" "Mozilla/5.0 (Macintosh; Intel Mac OS X 10_11_6) AppleWebKit/537.36 (KHTML, like Gecko) Chrome/57.0.2979.0 Safari/537.36"
::1 - - [05/Jun/2017:12:32:08 +0200] "GET /backend/public/user/123 HTTP/1.1" 200 50 "-" "Mozilla/5.0 (Macintosh; Intel Mac OS X 10_11_6) AppleWebKit/537.36 (KHTML, like Gecko) Chrome/57.0.2979.0 Safari/537.36"
::1 - - [05/Jun/2017:12:32:18 +0200] "GET /backend/public/user/name HTTP/1.1" 200 51 "-" "Mozilla/5.0 (Macintosh; Intel Mac OS X 10_11_6) AppleWebKit/537.36 (KHTML, like Gecko) Chrome/57.0.2979.0 Safari/537.36"
::1 - - [05/Jun/2017:12:32:20 +0200] "GET /backend/public/user/123 HTTP/1.1" 200 50 "-" "Mozilla/5.0 (Macintosh; Intel Mac OS X 10_11_6) AppleWebKit/537.36 (KHTML, like Gecko) Chrome/57.0.2979.0 Safari/537.36"
::1 - - [05/Jun/2017:12:32:40 +0200] "GET /backend/public/user/123 HTTP/1.1" 200 49 "-" "Mozilla/5.0 (Macintosh; Intel Mac OS X 10_11_6) AppleWebKit/537.36 (KHTML, like Gecko) Chrome/57.0.2979.0 Safari/537.36"
::1 - - [05/Jun/2017:12:32:49 +0200] "GET /backend/public/user/123 HTTP/1.1" 200 50 "-" "Mozilla/5.0 (Macintosh; Intel Mac OS X 10_11_6) AppleWebKit/537.36 (KHTML, like Gecko) Chrome/57.0.2979.0 Safari/537.36"
::1 - - [05/Jun/2017:12:33:05 +0200] "GET /backend/public/user/123 HTTP/1.1" 200 50 "-" "Mozilla/5.0 (Macintosh; Intel Mac OS X 10_11_6) AppleWebKit/537.36 (KHTML, like Gecko) Chrome/57.0.2979.0 Safari/537.36"
::1 - - [05/Jun/2017:12:33:34 +0200] "GET /backend/public/user/123 HTTP/1.1" 200 50 "-" "Mozilla/5.0 (Macintosh; Intel Mac OS X 10_11_6) AppleWebKit/537.36 (KHTML, like Gecko) Chrome/57.0.2979.0 Safari/537.36"
::1 - - [05/Jun/2017:12:38:46 +0200] "GET /backend/public/user/123 HTTP/1.1" 200 50 "-" "Mozilla/5.0 (Macintosh; Intel Mac OS X 10_11_6) AppleWebKit/537.36 (KHTML, like Gecko) Chrome/57.0.2979.0 Safari/537.36"
::1 - - [05/Jun/2017:12:39:48 +0200] "GET /backend/phpinfo HTTP/1.1" 404 298 "-" "Mozilla/5.0 (Macintosh; Intel Mac OS X 10_11_6) AppleWebKit/537.36 (KHTML, like Gecko) Chrome/57.0.2979.0 Safari/537.36"
::1 - - [05/Jun/2017:12:39:49 +0200] "GET /backend/public/user/123 HTTP/1.1" 200 51 "-" "Mozilla/5.0 (Macintosh; Intel Mac OS X 10_11_6) AppleWebKit/537.36 (KHTML, like Gecko) Chrome/57.0.2979.0 Safari/537.36"
::1 - - [05/Jun/2017:12:39:56 +0200] "GET /backend/public/user/123.123 HTTP/1.1" 404 25305 "-" "Mozilla/5.0 (Macintosh; Intel Mac OS X 10_11_6) AppleWebKit/537.36 (KHTML, like Gecko) Chrome/57.0.2979.0 Safari/537.36"
::1 - - [05/Jun/2017:12:39:59 +0200] "GET /backend/public/user/123,123 HTTP/1.1" 404 25305 "-" "Mozilla/5.0 (Macintosh; Intel Mac OS X 10_11_6) AppleWebKit/537.36 (KHTML, like Gecko) Chrome/57.0.2979.0 Safari/537.36"
::1 - - [05/Jun/2017:12:40:07 +0200] "GET /backend/public/user/1234444444 HTTP/1.1" 200 58 "-" "Mozilla/5.0 (Macintosh; Intel Mac OS X 10_11_6) AppleWebKit/537.36 (KHTML, like Gecko) Chrome/57.0.2979.0 Safari/537.36"
::1 - - [05/Jun/2017:12:40:10 +0200] "GET /backend/public/user/1234444444555 HTTP/1.1" 200 61 "-" "Mozilla/5.0 (Macintosh; Intel Mac OS X 10_11_6) AppleWebKit/537.36 (KHTML, like Gecko) Chrome/57.0.2979.0 Safari/537.36"
::1 - - [05/Jun/2017:12:40:12 +0200] "GET /backend/public/user/12344444445556666 HTTP/1.1" 200 65 "-" "Mozilla/5.0 (Macintosh; Intel Mac OS X 10_11_6) AppleWebKit/537.36 (KHTML, like Gecko) Chrome/57.0.2979.0 Safari/537.36"
::1 - - [05/Jun/2017:12:40:14 +0200] "GET /backend/public/user/123444444455566667777 HTTP/1.1" 200 69 "-" "Mozilla/5.0 (Macintosh; Intel Mac OS X 10_11_6) AppleWebKit/537.36 (KHTML, like Gecko) Chrome/57.0.2979.0 Safari/537.36"
::1 - - [05/Jun/2017:12:40:16 +0200] "GET /backend/public/user/123444444455566667777888 HTTP/1.1" 200 72 "-" "Mozilla/5.0 (Macintosh; Intel Mac OS X 10_11_6) AppleWebKit/537.36 (KHTML, like Gecko) Chrome/57.0.2979.0 Safari/537.36"
::1 - - [05/Jun/2017:12:40:21 +0200] "GET /backend/public/user/1234444444555666677778889999131293123 HTTP/1.1" 200 85 "-" "Mozilla/5.0 (Macintosh; Intel Mac OS X 10_11_6) AppleWebKit/537.36 (KHTML, like Gecko) Chrome/57.0.2979.0 Safari/537.36"
::1 - - [05/Jun/2017:12:40:26 +0200] "GET /backend/public/user/12344444445556666777788899991312931234728316423187642381794612389746182379461283794612387463128974612387462138746 HTTP/1.1" 200 161 "-" "Mozilla/5.0 (Macintosh; Intel Mac OS X 10_11_6) AppleWebKit/537.36 (KHTML, like Gecko) Chrome/57.0.2979.0 Safari/537.36"
::1 - - [05/Jun/2017:12:49:01 +0200] "GET /backend/public/user/12344444445556666777788899991312931234728316423187642381794612389746182379461283794612387463128974612387462138746 HTTP/1.1" 200 161 "-" "Mozilla/5.0 (Macintosh; Intel Mac OS X 10_11_6) AppleWebKit/537.36 (KHTML, like Gecko) Chrome/57.0.2979.0 Safari/537.36"
::1 - - [05/Jun/2017:12:49:05 +0200] "GET /backend/public/profile HTTP/1.1" 500 29007 "-" "Mozilla/5.0 (Macintosh; Intel Mac OS X 10_11_6) AppleWebKit/537.36 (KHTML, like Gecko) Chrome/57.0.2979.0 Safari/537.36"
::1 - - [05/Jun/2017:12:49:21 +0200] "GET /backend/public/profile HTTP/1.1" 500 29007 "-" "Mozilla/5.0 (Macintosh; Intel Mac OS X 10_11_6) AppleWebKit/537.36 (KHTML, like Gecko) Chrome/57.0.2979.0 Safari/537.36"
::1 - - [05/Jun/2017:12:49:22 +0200] "GET /backend/public/profile HTTP/1.1" 500 29007 "-" "Mozilla/5.0 (Macintosh; Intel Mac OS X 10_11_6) AppleWebKit/537.36 (KHTML, like Gecko) Chrome/57.0.2979.0 Safari/537.36"
::1 - - [05/Jun/2017:12:49:25 +0200] "GET /backend/public/profile HTTP/1.1" 500 29007 "-" "Mozilla/5.0 (Macintosh; Intel Mac OS X 10_11_6) AppleWebKit/537.36 (KHTML, like Gecko) Chrome/57.0.2979.0 Safari/537.36"
::1 - - [05/Jun/2017:12:49:35 +0200] "GET /backend/public/profile HTTP/1.1" 500 25927 "-" "Mozilla/5.0 (Macintosh; Intel Mac OS X 10_11_6) AppleWebKit/537.36 (KHTML, like Gecko) Chrome/57.0.2979.0 Safari/537.36"
::1 - - [05/Jun/2017:12:50:50 +0200] "GET /backend/public/profile HTTP/1.1" 500 29007 "-" "Mozilla/5.0 (Macintosh; Intel Mac OS X 10_11_6) AppleWebKit/537.36 (KHTML, like Gecko) Chrome/57.0.2979.0 Safari/537.36"
::1 - - [05/Jun/2017:12:50:53 +0200] "GET /backend/public/user/123 HTTP/1.1" 200 51 "-" "Mozilla/5.0 (Macintosh; Intel Mac OS X 10_11_6) AppleWebKit/537.36 (KHTML, like Gecko) Chrome/57.0.2979.0 Safari/537.36"
::1 - - [05/Jun/2017:12:51:00 +0200] "GET /backend/public/user/123/profile HTTP/1.1" 200 - "-" "Mozilla/5.0 (Macintosh; Intel Mac OS X 10_11_6) AppleWebKit/537.36 (KHTML, like Gecko) Chrome/57.0.2979.0 Safari/537.36"
::1 - - [05/Jun/2017:12:51:28 +0200] "GET /backend/public/user/123/profile HTTP/1.1" 200 18 "-" "Mozilla/5.0 (Macintosh; Intel Mac OS X 10_11_6) AppleWebKit/537.36 (KHTML, like Gecko) Chrome/57.0.2979.0 Safari/537.36"
::1 - - [05/Jun/2017:12:51:53 +0200] "GET /backend/public/user/1/profile HTTP/1.1" 200 17 "-" "Mozilla/5.0 (Macintosh; Intel Mac OS X 10_11_6) AppleWebKit/537.36 (KHTML, like Gecko) Chrome/57.0.2979.0 Safari/537.36"
::1 - - [05/Jun/2017:12:53:07 +0200] "GET /backend/public/user/1/profile HTTP/1.1" 500 28230 "-" "Mozilla/5.0 (Macintosh; Intel Mac OS X 10_11_6) AppleWebKit/537.36 (KHTML, like Gecko) Chrome/57.0.2979.0 Safari/537.36"
::1 - - [05/Jun/2017:12:53:18 +0200] "GET /backend/public/ HTTP/1.1" 500 29252 "-" "Mozilla/5.0 (Macintosh; Intel Mac OS X 10_11_6) AppleWebKit/537.36 (KHTML, like Gecko) Chrome/57.0.2979.0 Safari/537.36"
::1 - - [05/Jun/2017:13:17:10 +0200] "GET /backend/public/admin HTTP/1.1" 500 28230 "-" "Mozilla/5.0 (Macintosh; Intel Mac OS X 10_11_6) AppleWebKit/537.36 (KHTML, like Gecko) Chrome/57.0.2979.0 Safari/537.36"
::1 - - [05/Jun/2017:13:17:15 +0200] "GET /backend/public/admin HTTP/1.1" 500 28230 "-" "Mozilla/5.0 (Macintosh; Intel Mac OS X 10_11_6) AppleWebKit/537.36 (KHTML, like Gecko) Chrome/57.0.2979.0 Safari/537.36"
::1 - - [05/Jun/2017:13:17:20 +0200] "GET /backend/public/user/123 HTTP/1.1" 500 28230 "-" "Mozilla/5.0 (Macintosh; Intel Mac OS X 10_11_6) AppleWebKit/537.36 (KHTML, like Gecko) Chrome/57.0.2979.0 Safari/537.36"
::1 - - [05/Jun/2017:13:17:23 +0200] "GET /backend/public/user HTTP/1.1" 500 28230 "-" "Mozilla/5.0 (Macintosh; Intel Mac OS X 10_11_6) AppleWebKit/537.36 (KHTML, like Gecko) Chrome/57.0.2979.0 Safari/537.36"
::1 - - [05/Jun/2017:13:17:25 +0200] "GET /backend/public/user HTTP/1.1" 500 28230 "-" "Mozilla/5.0 (Macintosh; Intel Mac OS X 10_11_6) AppleWebKit/537.36 (KHTML, like Gecko) Chrome/57.0.2979.0 Safari/537.36"
::1 - - [05/Jun/2017:13:17:39 +0200] "GET /backend/public/user HTTP/1.1" 404 25305 "-" "Mozilla/5.0 (Macintosh; Intel Mac OS X 10_11_6) AppleWebKit/537.36 (KHTML, like Gecko) Chrome/57.0.2979.0 Safari/537.36"
::1 - - [05/Jun/2017:13:17:43 +0200] "GET /backend/public/users HTTP/1.1" 404 25305 "-" "Mozilla/5.0 (Macintosh; Intel Mac OS X 10_11_6) AppleWebKit/537.36 (KHTML, like Gecko) Chrome/57.0.2979.0 Safari/537.36"
::1 - - [05/Jun/2017:13:17:45 +0200] "GET /backend/public/admin HTTP/1.1" 404 25305 "-" "Mozilla/5.0 (Macintosh; Intel Mac OS X 10_11_6) AppleWebKit/537.36 (KHTML, like Gecko) Chrome/57.0.2979.0 Safari/537.36"
::1 - - [05/Jun/2017:13:17:47 +0200] "GET /backend/public/admin HTTP/1.1" 404 25305 "-" "Mozilla/5.0 (Macintosh; Intel Mac OS X 10_11_6) AppleWebKit/537.36 (KHTML, like Gecko) Chrome/57.0.2979.0 Safari/537.36"
::1 - - [05/Jun/2017:13:18:21 +0200] "GET /backend/public/Admin HTTP/1.1" 404 25305 "-" "Mozilla/5.0 (Macintosh; Intel Mac OS X 10_11_6) AppleWebKit/537.36 (KHTML, like Gecko) Chrome/57.0.2979.0 Safari/537.36"
::1 - - [05/Jun/2017:13:18:25 +0200] "GET /backend/public/accounts HTTP/1.1" 404 25305 "-" "Mozilla/5.0 (Macintosh; Intel Mac OS X 10_11_6) AppleWebKit/537.36 (KHTML, like Gecko) Chrome/57.0.2979.0 Safari/537.36"
::1 - - [05/Jun/2017:13:18:27 +0200] "GET /backend/public/accounts/123 HTTP/1.1" 404 25305 "-" "Mozilla/5.0 (Macintosh; Intel Mac OS X 10_11_6) AppleWebKit/537.36 (KHTML, like Gecko) Chrome/57.0.2979.0 Safari/537.36"
::1 - - [05/Jun/2017:13:18:43 +0200] "GET /backend/public/accounts/123 HTTP/1.1" 404 25305 "-" "Mozilla/5.0 (Macintosh; Intel Mac OS X 10_11_6) AppleWebKit/537.36 (KHTML, like Gecko) Chrome/57.0.2979.0 Safari/537.36"
::1 - - [05/Jun/2017:13:18:53 +0200] "GET /backend/public/accounts/123 HTTP/1.1" 404 25305 "-" "Mozilla/5.0 (Macintosh; Intel Mac OS X 10_11_6) AppleWebKit/537.36 (KHTML, like Gecko) Chrome/57.0.2979.0 Safari/537.36"
::1 - - [05/Jun/2017:13:18:54 +0200] "GET /backend/public/accounts/123 HTTP/1.1" 404 25305 "-" "Mozilla/5.0 (Macintosh; Intel Mac OS X 10_11_6) AppleWebKit/537.36 (KHTML, like Gecko) Chrome/57.0.2979.0 Safari/537.36"
::1 - - [05/Jun/2017:13:56:41 +0200] "GET /backend/public/ HTTP/1.1" 200 3 "-" "Mozilla/5.0 (Macintosh; Intel Mac OS X 10_11_6) AppleWebKit/537.36 (KHTML, like Gecko) Chrome/57.0.2979.0 Safari/537.36"
::1 - - [05/Jun/2017:13:56:46 +0200] "GET /backend/public/ HTTP/1.1" 200 3 "-" "Mozilla/5.0 (Macintosh; Intel Mac OS X 10_11_6) AppleWebKit/537.36 (KHTML, like Gecko) Chrome/57.0.2979.0 Safari/537.36"
::1 - - [05/Jun/2017:13:57:08 +0200] "GET /backend/public/ HTTP/1.1" 200 179 "-" "Mozilla/5.0 (Macintosh; Intel Mac OS X 10_11_6) AppleWebKit/537.36 (KHTML, like Gecko) Chrome/57.0.2979.0 Safari/537.36"
::1 - - [05/Jun/2017:13:57:34 +0200] "GET /backend/public/ HTTP/1.1" 200 3 "-" "Mozilla/5.0 (Macintosh; Intel Mac OS X 10_11_6) AppleWebKit/537.36 (KHTML, like Gecko) Chrome/57.0.2979.0 Safari/537.36"
::1 - - [05/Jun/2017:13:57:54 +0200] "GET /backend/public/ HTTP/1.1" 200 3 "-" "Mozilla/5.0 (Macintosh; Intel Mac OS X 10_11_6) AppleWebKit/537.36 (KHTML, like Gecko) Chrome/57.0.2979.0 Safari/537.36"
::1 - - [05/Jun/2017:13:57:55 +0200] "GET /backend/public/ HTTP/1.1" 200 3 "-" "Mozilla/5.0 (Macintosh; Intel Mac OS X 10_11_6) AppleWebKit/537.36 (KHTML, like Gecko) Chrome/57.0.2979.0 Safari/537.36"
::1 - - [05/Jun/2017:14:08:54 +0200] "GET /backend/public/ HTTP/1.1" 200 - "-" "Mozilla/5.0 (Macintosh; Intel Mac OS X 10_11_6) AppleWebKit/537.36 (KHTML, like Gecko) Chrome/57.0.2979.0 Safari/537.36"
::1 - - [05/Jun/2017:14:11:14 +0200] "GET /backend/public/user/profile HTTP/1.1" 500 29252 "-" "Mozilla/5.0 (Macintosh; Intel Mac OS X 10_11_6) AppleWebKit/537.36 (KHTML, like Gecko) Chrome/57.0.2979.0 Safari/537.36"
::1 - - [05/Jun/2017:14:12:11 +0200] "GET /backend/public/user/profile HTTP/1.1" 500 29989 "-" "Mozilla/5.0 (Macintosh; Intel Mac OS X 10_11_6) AppleWebKit/537.36 (KHTML, like Gecko) Chrome/57.0.2979.0 Safari/537.36"
::1 - - [05/Jun/2017:14:12:22 +0200] "GET /backend/public/user/profile HTTP/1.1" 500 29252 "-" "Mozilla/5.0 (Macintosh; Intel Mac OS X 10_11_6) AppleWebKit/537.36 (KHTML, like Gecko) Chrome/57.0.2979.0 Safari/537.36"
::1 - - [05/Jun/2017:14:13:00 +0200] "GET /backend/public/user/profile HTTP/1.1" 500 29252 "-" "Mozilla/5.0 (Macintosh; Intel Mac OS X 10_11_6) AppleWebKit/537.36 (KHTML, like Gecko) Chrome/57.0.2979.0 Safari/537.36"
::1 - - [05/Jun/2017:14:13:01 +0200] "GET /backend/public/ HTTP/1.1" 500 29252 "-" "Mozilla/5.0 (Macintosh; Intel Mac OS X 10_11_6) AppleWebKit/537.36 (KHTML, like Gecko) Chrome/57.0.2979.0 Safari/537.36"
::1 - - [05/Jun/2017:14:13:03 +0200] "GET /backend/public/ HTTP/1.1" 500 29252 "-" "Mozilla/5.0 (Macintosh; Intel Mac OS X 10_11_6) AppleWebKit/537.36 (KHTML, like Gecko) Chrome/57.0.2979.0 Safari/537.36"
::1 - - [05/Jun/2017:14:14:21 +0200] "GET /backend/public/ HTTP/1.1" 500 29252 "-" "PostmanRuntime/6.1.6"
::1 - - [05/Jun/2017:14:14:31 +0200] "GET /backend/public/ HTTP/1.1" 500 29252 "-" "PostmanRuntime/6.1.6"
