[Sun Jun 04 22:59:12.270592 2017] [authz_core:error] [pid 21074] [client ::1:54853] AH01630: client denied by server configuration: /Users/bioharz/git/movelect/public_html/
[Sun Jun 04 22:59:12.356581 2017] [authz_core:error] [pid 21074] [client ::1:54853] AH01630: client denied by server configuration: /Users/bioharz/git/movelect/public_html/favicon.ico, referer: http://localhost:8081/
[Sun Jun 04 22:59:13.307503 2017] [authz_core:error] [pid 21074] [client ::1:54853] AH01630: client denied by server configuration: /Users/bioharz/git/movelect/public_html/
[Sun Jun 04 22:59:13.369506 2017] [authz_core:error] [pid 21074] [client ::1:54853] AH01630: client denied by server configuration: /Users/bioharz/git/movelect/public_html/favicon.ico, referer: http://localhost:8081/
[Sun Jun 04 22:59:13.732201 2017] [authz_core:error] [pid 21074] [client ::1:54853] AH01630: client denied by server configuration: /Users/bioharz/git/movelect/public_html/
[Sun Jun 04 22:59:13.792335 2017] [authz_core:error] [pid 21074] [client ::1:54853] AH01630: client denied by server configuration: /Users/bioharz/git/movelect/public_html/favicon.ico, referer: http://localhost:8081/
[Sun Jun 04 22:59:13.988344 2017] [authz_core:error] [pid 21074] [client ::1:54853] AH01630: client denied by server configuration: /Users/bioharz/git/movelect/public_html/
[Sun Jun 04 22:59:14.048860 2017] [authz_core:error] [pid 21074] [client ::1:54853] AH01630: client denied by server configuration: /Users/bioharz/git/movelect/public_html/favicon.ico, referer: http://localhost:8081/
[Mon Jun 05 00:51:45.227102 2017] [php7:error] [pid 26364] [client ::1:58802] script '/Users/bioharz/git/movelect/public_html/backend/public/phpinfo.php' not found or unable to stat
[Mon Jun 05 00:57:50.246030 2017] [php7:notice] [pid 26366] [client ::1:59041] PHP Notice:  Undefined variable: app in /Users/bioharz/git/movelect/public_html/backend/routes/web.php on line 14, referer: http://localhost:8081/backend/routes/
[Mon Jun 05 00:57:50.246134 2017] [php7:notice] [pid 26366] [client ::1:59041] PHP Stack trace:, referer: http://localhost:8081/backend/routes/
[Mon Jun 05 00:57:50.246181 2017] [php7:notice] [pid 26366] [client ::1:59041] PHP   1. {main}() /Users/bioharz/git/movelect/public_html/backend/routes/web.php:0, referer: http://localhost:8081/backend/routes/
[Mon Jun 05 00:57:50.247056 2017] [php7:notice] [pid 26366] [client ::1:59041] PHP Fatal error:  Uncaught Error: Call to a member function get() on null in /Users/bioharz/git/movelect/public_html/backend/routes/web.php:14\nStack trace:\n#0 {main}\n  thrown in /Users/bioharz/git/movelect/public_html/backend/routes/web.php on line 14, referer: http://localhost:8081/backend/routes/
[Mon Jun 05 01:12:03.645024 2017] [php7:notice] [pid 26364] [client ::1:59553] PHP Notice:  Undefined variable: app in /Users/bioharz/git/movelect/public_html/backend/routes/web.php on line 14
[Mon Jun 05 01:12:03.645136 2017] [php7:notice] [pid 26364] [client ::1:59553] PHP Stack trace:
[Mon Jun 05 01:12:03.645171 2017] [php7:notice] [pid 26364] [client ::1:59553] PHP   1. {main}() /Users/bioharz/git/movelect/public_html/backend/routes/web.php:0
[Mon Jun 05 01:12:03.645727 2017] [php7:notice] [pid 26364] [client ::1:59553] PHP Fatal error:  Uncaught Error: Call to a member function get() on null in /Users/bioharz/git/movelect/public_html/backend/routes/web.php:14\nStack trace:\n#0 {main}\n  thrown in /Users/bioharz/git/movelect/public_html/backend/routes/web.php on line 14
[Mon Jun 05 01:14:34.802073 2017] [php7:notice] [pid 26366] [client ::1:59637] PHP Notice:  Undefined variable: app in /Users/bioharz/git/movelect/public_html/backend/routes/web.php on line 14
[Mon Jun 05 01:14:34.802168 2017] [php7:notice] [pid 26366] [client ::1:59637] PHP Stack trace:
[Mon Jun 05 01:14:34.802185 2017] [php7:notice] [pid 26366] [client ::1:59637] PHP   1. {main}() /Users/bioharz/git/movelect/public_html/backend/routes/web.php:0
[Mon Jun 05 01:14:34.802361 2017] [php7:notice] [pid 26366] [client ::1:59637] PHP Fatal error:  Uncaught Error: Call to a member function get() on null in /Users/bioharz/git/movelect/public_html/backend/routes/web.php:14\nStack trace:\n#0 {main}\n  thrown in /Users/bioharz/git/movelect/public_html/backend/routes/web.php on line 14
[Mon Jun 05 01:15:02.210060 2017] [php7:notice] [pid 28474] [client ::1:59648] PHP Notice:  Undefined variable: app in /Users/bioharz/git/movelect/public_html/backend/routes/web.php on line 14, referer: http://localhost:8081/backend/routes/
[Mon Jun 05 01:15:02.210216 2017] [php7:notice] [pid 28474] [client ::1:59648] PHP Stack trace:, referer: http://localhost:8081/backend/routes/
[Mon Jun 05 01:15:02.210289 2017] [php7:notice] [pid 28474] [client ::1:59648] PHP   1. {main}() /Users/bioharz/git/movelect/public_html/backend/routes/web.php:0, referer: http://localhost:8081/backend/routes/
[Mon Jun 05 01:15:02.211097 2017] [php7:notice] [pid 28474] [client ::1:59648] PHP Fatal error:  Uncaught Error: Call to a member function get() on null in /Users/bioharz/git/movelect/public_html/backend/routes/web.php:14\nStack trace:\n#0 {main}\n  thrown in /Users/bioharz/git/movelect/public_html/backend/routes/web.php on line 14, referer: http://localhost:8081/backend/routes/
[Mon Jun 05 01:15:03.204167 2017] [php7:notice] [pid 28474] [client ::1:59648] PHP Notice:  Undefined variable: app in /Users/bioharz/git/movelect/public_html/backend/routes/web.php on line 14, referer: http://localhost:8081/backend/routes/
[Mon Jun 05 01:15:03.204231 2017] [php7:notice] [pid 28474] [client ::1:59648] PHP Stack trace:, referer: http://localhost:8081/backend/routes/
[Mon Jun 05 01:15:03.204250 2017] [php7:notice] [pid 28474] [client ::1:59648] PHP   1. {main}() /Users/bioharz/git/movelect/public_html/backend/routes/web.php:0, referer: http://localhost:8081/backend/routes/
[Mon Jun 05 01:15:03.204312 2017] [php7:notice] [pid 28474] [client ::1:59648] PHP Fatal error:  Uncaught Error: Call to a member function get() on null in /Users/bioharz/git/movelect/public_html/backend/routes/web.php:14\nStack trace:\n#0 {main}\n  thrown in /Users/bioharz/git/movelect/public_html/backend/routes/web.php on line 14, referer: http://localhost:8081/backend/routes/
[Mon Jun 05 01:15:11.573734 2017] [php7:notice] [pid 26365] [client ::1:59655] PHP Notice:  date_default_timezone_set(): Timezone ID 'Europa/Vienna' is invalid in /Users/bioharz/git/movelect/public_html/backend/vendor/laravel/lumen-framework/src/Application.php on line 83, referer: http://localhost:8081/backend/
[Mon Jun 05 01:15:11.573835 2017] [php7:notice] [pid 26365] [client ::1:59655] PHP Stack trace:, referer: http://localhost:8081/backend/
[Mon Jun 05 01:15:11.573862 2017] [php7:notice] [pid 26365] [client ::1:59655] PHP   1. {main}() /Users/bioharz/git/movelect/public_html/backend/public/index.php:0, referer: http://localhost:8081/backend/
[Mon Jun 05 01:15:11.573873 2017] [php7:notice] [pid 26365] [client ::1:59655] PHP   2. require() /Users/bioharz/git/movelect/public_html/backend/public/index.php:14, referer: http://localhost:8081/backend/
[Mon Jun 05 01:15:11.573884 2017] [php7:notice] [pid 26365] [client ::1:59655] PHP   3. Laravel\\Lumen\\Application->__construct() /Users/bioharz/git/movelect/public_html/backend/bootstrap/app.php:23, referer: http://localhost:8081/backend/
[Mon Jun 05 01:15:11.573899 2017] [php7:notice] [pid 26365] [client ::1:59655] PHP   4. date_default_timezone_set() /Users/bioharz/git/movelect/public_html/backend/vendor/laravel/lumen-framework/src/Application.php:83, referer: http://localhost:8081/backend/
[Mon Jun 05 01:15:20.167151 2017] [php7:notice] [pid 26368] [client ::1:59657] PHP Notice:  date_default_timezone_set(): Timezone ID 'Europa/Vienna' is invalid in /Users/bioharz/git/movelect/public_html/backend/vendor/laravel/lumen-framework/src/Application.php on line 83, referer: http://localhost:8081/backend/
[Mon Jun 05 01:15:20.167244 2017] [php7:notice] [pid 26368] [client ::1:59657] PHP Stack trace:, referer: http://localhost:8081/backend/
[Mon Jun 05 01:15:20.167268 2017] [php7:notice] [pid 26368] [client ::1:59657] PHP   1. {main}() /Users/bioharz/git/movelect/public_html/backend/public/index.php:0, referer: http://localhost:8081/backend/
[Mon Jun 05 01:15:20.167299 2017] [php7:notice] [pid 26368] [client ::1:59657] PHP   2. require() /Users/bioharz/git/movelect/public_html/backend/public/index.php:14, referer: http://localhost:8081/backend/
[Mon Jun 05 01:15:20.167316 2017] [php7:notice] [pid 26368] [client ::1:59657] PHP   3. Laravel\\Lumen\\Application->__construct() /Users/bioharz/git/movelect/public_html/backend/bootstrap/app.php:23, referer: http://localhost:8081/backend/
[Mon Jun 05 01:15:20.167334 2017] [php7:notice] [pid 26368] [client ::1:59657] PHP   4. date_default_timezone_set() /Users/bioharz/git/movelect/public_html/backend/vendor/laravel/lumen-framework/src/Application.php:83, referer: http://localhost:8081/backend/
[Mon Jun 05 01:17:22.723839 2017] [php7:error] [pid 26366] [client ::1:59749] script '/Users/bioharz/git/movelect/public_html/backend/public/foo.php' not found or unable to stat
[Mon Jun 05 01:17:31.473267 2017] [php7:error] [pid 26364] [client ::1:59762] script '/Users/bioharz/git/movelect/public_html/backend/foo.php' not found or unable to stat
[Mon Jun 05 01:17:36.781837 2017] [php7:error] [pid 26368] [client ::1:59774] script '/Users/bioharz/git/movelect/public_html/backend/foo.php' not found or unable to stat
[Mon Jun 05 02:08:52.786196 2017] [php7:error] [pid 33098] [client ::1:62477] script '/Users/bioharz/git/movelect/public_html/backend/public/foo.php' not found or unable to stat
